Adding Reid
Game ID: 108951
Adding Graham
Game ID: 109051
Adding Smith
Game ID: 109151
Adding Woods
Game ID: 109251
Adding Peplowski
Game ID: 109351
Adding Ellis
Game ID: 109451
Adding Bailey
Game ID: 109551
Adding Owens
Game ID: 109651
Adding Hornacek
Game ID: 109751
Adding Ellis
Game ID: 109852
Adding Coleman
Game ID: 109952
Adding Ewing
Game ID: 110052
Adding Woods
Game ID: 110152
Adding Robinson
Game ID: 110252
Adding Thompson
Game ID: 110352
Adding Keefe
Game ID: 110452
Adding Newman
Game ID: 110552
Adding Avent
Game ID: 110652
Adding West
Game ID: 110752
Adding Coles
Game ID: 110852
Adding Blaylock
Game ID: 110952
Adding Herrera
Game ID: 111052
Adding Miller
Game ID: 111152
Adding Ceballos
Game ID: 111252
Adding Bonner
Game ID: 111352
Adding Workman
Game ID: 111452
Adding Smith
Game ID: 111552
Adding Workman
Game ID: 111652
Adding Cassell
Game ID: 111752
Adding Kerr
Game ID: 111852
Adding Elie
Game ID: 111952
Adding Smith
Game ID: 112053
Adding Skiles
Game ID: 112153
Adding Spencer
Game ID: 112253
Adding Coleman
Game ID: 112353
Adding Abdul-Rauf
Game ID: 112453
Adding Thompson
Game ID: 112553
Adding Abdelnaby
Game ID: 112653
Adding Curley
Game ID: 112753
Adding Stockton
Game ID: 112853
Adding Outlaw
Game ID: 112953
Adding Ferrell
Game ID: 113053
Adding Curley
Game ID: 113153
Adding Reid
Game ID: 113253
Adding Green
Game ID: 113353
Adding Gamble
Game ID: 113453
Adding Pippen
Game ID: 113553
Adding Williams
Game ID: 113653
Adding Jones
Game ID: 113753
Adding Causwell
Game ID: 113853
Adding Garland
Game ID: 113953
Adding Williams
Game ID: 114053
Adding Robinson
Game ID: 114153
Adding Gamble
Game ID: 114253
Adding Foster
Game ID: 114353
Adding Lynch
Game ID: 114453
Adding Ellis
Game ID: 114553
Adding Davis
Game ID: 114653
Adding Wright
Game ID: 114753
Adding Wingfield
Game ID: 114853
Adding Payton
Game ID: 114953
Adding Edwards
Game ID: 115053
Adding Tarpley
Game ID: 115154
Adding Mobley
Game ID: 115254
Adding Ewing
Game ID: 115354
Adding Ferry
Game ID: 115455
Adding Garland
Game ID: 115555
Adding Bonner
Game ID: 115655
Adding Kemp
Game ID: 115755
Adding Dumars
Game ID: 115855
Adding Anderson
Game ID: 115955
Adding Burrell
Game ID: 116055
Adding Tabak
Game ID: 116155
Adding Augmon
Game ID: 116255
Adding Askew
Game ID: 116355
Adding Outlaw
Game ID: 116455
Adding Campbell
Game ID: 116555
Adding West
Game ID: 116655
Adding Lohaus
Game ID: 116755
Adding Peeler
Game ID: 116855
Adding Butler
Game ID: 116955
Adding Miner
Game ID: 117055
Adding Harvey
Game ID: 117155
Adding Manning
Game ID: 117255
Adding Curley
Game ID: 117355
Adding Smith
Game ID: 117455
Adding Davis
Game ID: 117555
Adding Ainge
Game ID: 117655
Adding Kemp
Game ID: 117756
Adding Spencer
Game ID: 117857
Adding Harvey
Game ID: 117957
Adding Mason
Game ID: 118057
Adding Day
Game ID: 118157
Adding Perry
Game ID: 118257
Adding Sealy
Game ID: 118358
Adding Curley
Game ID: 118458
Adding Starks
Game ID: 118558
Adding Phills
Game ID: 118658
Adding Parish
Game ID: 118758
Adding Lynch
Game ID: 118858
Adding Williams
Game ID: 118958
Adding Royal
Game ID: 119058
Adding Edwards
Game ID: 119159
Adding Richardson
Game ID: 119259
Adding McMillan
Game ID: 119360
Adding Cassell
Game ID: 119460
Adding Houston
Game ID: 119560
Adding Owens
Game ID: 119660
Adding Massenburg
Game ID: 119760
Adding Jackson
Game ID: 119860
Adding Skiles
Game ID: 119960
Adding Elliott
Game ID: 120061
Adding Maxwell
Game ID: 120161
Adding Ewing
Game ID: 120261
Adding Cheaney
Game ID: 120361
Adding Longley
Game ID: 120462
Adding Kidd
Game ID: 120562
Adding Russell
Game ID: 120662
Adding Williams
Game ID: 120763
Adding Graham
Game ID: 120863
Adding Herrera
Game ID: 120963
Adding Miller
Game ID: 121063
Adding Harris
Game ID: 121163
Adding Smith
Game ID: 121263
Adding Abdul-Rauf
Game ID: 121363
Adding Parish
Game ID: 121463
Adding Bradley
Game ID: 121563
Adding Rice
Game ID: 121663
Adding Foster
Game ID: 121763
Adding Smits
Game ID: 121863
Adding Rogers
Game ID: 121963
Adding Dumas
Game ID: 122063
Adding Pippen
Game ID: 122163
Adding Malone
Game ID: 122263
Adding Workman
Game ID: 122363
Adding Benjamin
Game ID: 122463
Adding Vaught
Game ID: 122563
Adding Russell
Game ID: 122663
Adding Mourning
Game ID: 122764
Adding Reid
Game ID: 122864
Adding Harris
Game ID: 122964
Adding Smith
Game ID: 123064
Adding Drexler
Game ID: 123164
Adding Durham
Game ID: 123264
Adding Tucker
Game ID: 123364
Adding Divac
Game ID: 123464
Adding Williams
Game ID: 123564
Adding Buechler
Game ID: 123664
Adding Koncak
Game ID: 123764
Adding Whitney
Game ID: 123865
Adding Burton
Game ID: 123965
Adding Wesley
Game ID: 124065
Adding Majerle
Game ID: 124165
Adding Schrempf
Game ID: 124265
Adding Donaldson
Game ID: 124365
Adding Rice
Game ID: 124465
Adding Payton
Game ID: 124565
Adding Payton
Game ID: 124665
Adding Cassell
Game ID: 124765
Adding Majerle
Game ID: 124865
Adding Grant
Game ID: 124965
Adding Gill
Game ID: 125065
Adding Dawkins
Game ID: 125166
Adding Ruffin
Game ID: 125266
Adding Curry
Game ID: 125366
Adding McKey
Game ID: 125466
Adding Divac
Game ID: 125566
Adding Hill
Game ID: 125666
Adding Pack
Game ID: 125766
Adding Askew
Game ID: 125866
Adding Muresan
Game ID: 125966
Adding Green
Game ID: 126066
Adding McDaniel
Game ID: 126166
Adding Armstrong
Game ID: 126266
Adding Ruffin
Game ID: 126366
Adding Brooks
Game ID: 126467
Adding Kukoc
Game ID: 126567
Adding Earl
Game ID: 126667
Adding Schayes
Game ID: 126767
Adding MacLean
Game ID: 126867
Adding Kerr
Game ID: 126967
Adding Mills
Game ID: 127067
Adding Owens
Game ID: 127167
Adding Anderson
Game ID: 127268
Adding Minor
Game ID: 127368
Adding Robinson
Game ID: 127468
Adding West
Game ID: 127568
Adding Murdock
Game ID: 127669
Adding Carr
Game ID: 127769
Adding Lohaus
Game ID: 127869
Adding McIlvaine
Game ID: 127969
Adding Perkins
Game ID: 128069
Adding Jackson
Game ID: 128169
Adding Harvey
Game ID: 128269
Adding Augmon
Game ID: 128369
Adding Owens
Game ID: 128469
Adding Bowie
Game ID: 128569
Adding Coles
Game ID: 128669
Adding Simmons
Game ID: 128769
Adding Stockton
Game ID: 128869
Adding Morris
Game ID: 128969
Adding Workman
Game ID: 129069
Adding Coleman
Game ID: 129169
Adding Baker
Game ID: 129269
Adding Oakley
Game ID: 129369
Adding Divac
Game ID: 129469
Adding Cassell
Game ID: 129569
Adding Stith
Game ID: 129669
Adding Coleman
Game ID: 129769
Adding Reeves
Game ID: 129869
Adding Kersey
Game ID: 129969
Adding Smith
Game ID: 130069
Adding Rivers
Game ID: 130169
Adding Johnson
Game ID: 130269
Adding Ferry
Game ID: 130369
Adding Anderson
Game ID: 130469
Adding Starks
Game ID: 130569
Adding Longley
Game ID: 130669
Adding Hardaway
Game ID: 130769
Adding Johnson
Game ID: 130869
Adding Pippen
Game ID: 130969
Adding Smith
Game ID: 131069
Adding Pritchard
Game ID: 131169
Adding Bowie
Game ID: 131269
Adding Peeler
Game ID: 131369
Adding Lang
Game ID: 131469
Adding Douglas
Game ID: 131569
Adding Jones
Game ID: 131669
Adding Parish
Game ID: 131769
Adding Smith
Game ID: 131869
Adding Perkins
Game ID: 131969
Adding Fleming
Game ID: 132069
Adding Askew
Game ID: 132169
Adding Mashburn
Game ID: 132269
Adding Johnson
Game ID: 132369
Adding Weatherspoon
Game ID: 132469
Adding Whatley
Game ID: 132569
Adding Watson
Game ID: 132669
Adding Cage
Game ID: 132769
Adding Jackson
Game ID: 132869
Adding Muresan
Game ID: 132969
Adding Adams
Game ID: 133069
Adding Brooks
Game ID: 133169
Adding Thorpe
Game ID: 133269
Adding Perkins
Game ID: 133369
Adding Battle
Game ID: 133469
Adding Askins
Game ID: 133569
Adding Chilcutt
Game ID: 133669
Adding Newman
Game ID: 133769
Adding Outlaw
Game ID: 133869
Adding Mullin
Game ID: 133969
Adding Reid
Game ID: 134069
Adding Roberts
Game ID: 134169
Adding Carr
Game ID: 134269
Adding Ruffin
Game ID: 134369
Adding Horry
Game ID: 134469
Adding Porter
Game ID: 134569
Adding Armstrong
Game ID: 134669
Adding Watson
Game ID: 134769
Adding Shaw
Game ID: 134869
Adding Hardaway
Game ID: 134969
Adding Davis
Game ID: 135069
Adding Turner
Game ID: 135170
Adding Divac
Game ID: 135270
Adding Kite
Game ID: 135371
Adding Cummings
Game ID: 135471
Adding Scott
Game ID: 135571
Adding Robinson
Game ID: 135671
Adding Pack
Game ID: 135771
Adding Anderson
Game ID: 135872
Adding Oakley
Game ID: 135972
Adding Harris
Game ID: 136072
Adding Douglas
Game ID: 136172
Adding Butler
Game ID: 136273
Adding Long
Game ID: 136373
Adding Roberts
Game ID: 136473
Adding Houston
Game ID: 136573
Adding Grant
Game ID: 136673
Adding Henderson
Game ID: 136774
Adding Wesley
Game ID: 136874
Adding Johnson
Game ID: 136974
Adding Mills
Game ID: 137074
Adding West
Game ID: 137174
Adding Carr
Game ID: 137275
Adding Hardaway
Game ID: 137375
Adding Hurley
Game ID: 137475
Adding Rozier
Game ID: 137575
Adding Johnson
Game ID: 137675
Adding Stith
Game ID: 137775
Adding Hurley
Game ID: 137875
Adding Simpkins
Game ID: 137975
Adding Porter
Game ID: 138075
Adding Johnson
Game ID: 138175
Adding Hoiberg
Game ID: 138276
Adding Duckworth
Game ID: 138377
Adding Moten
Game ID: 138477
Adding Mourning
Game ID: 138577
Adding Harper
Game ID: 138677
Adding King
Game ID: 138777
Adding Thomas
Game ID: 138877
Adding Causwell
Game ID: 138977
Adding Rogers
Game ID: 139077
Adding Armstrong
Game ID: 139177
Adding Childs
Game ID: 139277
Adding Carr
Game ID: 139377
Adding Weatherspoon
Game ID: 139477
Adding Hill
Game ID: 139577
Adding Kersey
Game ID: 139678
Adding Olajuwon
Game ID: 139778
Adding Wesley
Game ID: 139878
Adding Meyer
Game ID: 139978
Adding Anderson
Game ID: 140078
Adding Johnson
Game ID: 140178
Adding Cheaney
Game ID: 140278
Adding Leckner
Game ID: 140378
Adding Best
Game ID: 140478
Adding Minor
Game ID: 140578
Adding Ferry
Game ID: 140678
Adding Mills
Game ID: 140779
Adding Green
Game ID: 140879
Adding Fox
Game ID: 140979
Adding Ehlo
Game ID: 141079
Adding Wood
Game ID: 141179
Adding Lang
Game ID: 141279
Adding Rivers
Game ID: 141379
Adding Outlaw
Game ID: 141479
Adding King
Game ID: 141579
Adding Cassell
Game ID: 141679
Adding Grandison
Game ID: 141779
Adding Person
Game ID: 141879
Adding Pierce
Game ID: 141979
Adding Pippen
Game ID: 142079
Adding Mason
Game ID: 142179
Adding Woods
Game ID: 142279
Adding Bradley
Game ID: 142379
Adding McIlvaine
Game ID: 142480
Adding Allen
Game ID: 142581
Adding Scott
Game ID: 142681
Adding Brown
Game ID: 142781
Adding Tabak
Game ID: 142881
Adding Harper
Game ID: 142981
Adding Jones
Game ID: 143082
Adding Ehlo
Game ID: 143182
Adding Mobley
Game ID: 143282
Adding Schayes
Game ID: 143382
Adding Hardaway
Game ID: 143482
Adding Armstrong
Game ID: 143582
Adding Askins
Game ID: 143682
Adding Brown
Game ID: 143782
Adding Newman
Game ID: 143882
Adding Fox
Game ID: 143982
Adding Kidd
Game ID: 144082
Adding Williams
Game ID: 144182
Adding Scott
Game ID: 144282
Adding Williams
Game ID: 144382
Adding Murray
Game ID: 144482
Adding Johnson
Game ID: 144582
Adding Mills
Game ID: 144682
Adding Davis
Game ID: 144782
Adding Rose
Game ID: 144882
Adding Brandon
Game ID: 144982
Adding Schayes
Game ID: 145082
Adding Wesley
Game ID: 145182
Adding McCann
Game ID: 145282
Adding Bryant
Game ID: 145382
Adding Johnson
Game ID: 145482
Adding Armstrong
Game ID: 145582
Adding Jones
Game ID: 145682
Adding Mason
Game ID: 145782
Adding Marciulionis
Game ID: 145882
Adding Wingate
Game ID: 145982
Adding McKie
Game ID: 146082
Adding Bradley
Game ID: 146182
Adding Robinson
Game ID: 146282
Adding Murdock
Game ID: 146382
Adding Davis
Game ID: 146482
Adding Williams
Game ID: 146582
Adding Tisdale
Game ID: 146682
Adding Trent
Game ID: 146782
Adding Williams
Game ID: 146882
Adding Edney
Game ID: 146982
Adding Avent
Game ID: 147082
Adding Owens
Game ID: 147183
Adding Brown
Game ID: 147283
Adding Bowie
Game ID: 147384
Adding Brown
Game ID: 147485
Adding Williams
Game ID: 147585
Adding Butler
Game ID: 147685
Adding Lang
Game ID: 147785
Adding Long
Game ID: 147885
Adding Johnson
Game ID: 147985
Adding Robinson
Game ID: 148086
Adding McKey
Game ID: 148186
Adding Childs
Game ID: 148286
Adding Grant
Game ID: 148386
Adding Kidd
Game ID: 148486
Adding Eackles
Game ID: 148586
Adding Foster
Game ID: 148686
Adding Sprewell
Game ID: 148787
Adding Harper
Game ID: 148887
Adding Pierce
Game ID: 148987
Adding Robertson
Game ID: 149087
Adding Long
Game ID: 149187
Adding Dumas
Game ID: 149287
Adding Armstrong
Game ID: 149387
Adding Buechler
Game ID: 149487
Adding Schrempf
Game ID: 149587
Adding Morris
Game ID: 149687
Adding Threatt
Game ID: 149787
Adding Geiger
Game ID: 149887
Adding Childs
Game ID: 149987
Adding Geiger
Game ID: 150087
Adding Nathan
Game ID: 150187
Adding Hurley
Game ID: 150288
Adding Henderson
Game ID: 150388
Adding Armstrong
Game ID: 150488
Adding Green
Game ID: 150588
Adding McCloud
Game ID: 150688
Adding Payton
Game ID: 150788
Adding Mack
Game ID: 150888
Adding Divac
Game ID: 150988
Adding Rider
Game ID: 151088
Adding Pippen
Game ID: 151188
Adding Maxwell
Game ID: 151288
Adding Garnett
Game ID: 151388
Adding Lohaus
Game ID: 151489
Adding Price
Game ID: 151589
Adding Marshall
Game ID: 151689
Adding Childs
Game ID: 151789
Adding Olajuwon
Game ID: 151889
Adding Lang
Game ID: 151989
Adding Brickowski
Game ID: 152089
Adding Cheaney
Game ID: 152189
Adding Pippen
Game ID: 152289
Adding Tabak
Game ID: 152389
Adding Montross
Game ID: 152489
Adding Eisley
Game ID: 152589
Adding Johnson
Game ID: 152689
Adding Christie
Game ID: 152789
Adding Mutombo
Game ID: 152889
Adding King
Game ID: 152989
Adding Schintzius
Game ID: 153089
Adding Polynice
Game ID: 153189
Adding Stith
Game ID: 153289
Adding Seikaly
Game ID: 153389
Adding Murdock
Game ID: 153489
Adding McMillan
Game ID: 153589
Adding Eisley
Game ID: 153689
Adding Foster
Game ID: 153789
Adding Threatt
Game ID: 153889
Adding Meyer
Game ID: 153989
Adding Mills
Game ID: 154089
Adding Cummings
Game ID: 154189
Adding Chapman
Game ID: 154289
Adding Causwell
Game ID: 154389
Adding Jordan
Game ID: 154489
Adding Threatt
Game ID: 154589
Adding Horry
Game ID: 154689
Adding Ward
Game ID: 154790
Adding Vaught
Game ID: 154890
Adding Grandison
Game ID: 154990